<?xml version="1.0" encoding="UTF-8"?>
<testsuite name="com.example.a14_coolweather.ExampleUnitTest" tests="1" skipped="0" failures="0" errors="0" timestamp="2019-01-02T06:56:45" hostname="DESKTOP-AOAPG4A" time="0.001">
  <properties/>
  <testcase name="addition_isCorrect" classname="com.example.a14_coolweather.ExampleUnitTest" time="0.001"/>
  <system-out><![CDATA[]]></system-out>
  <system-err><![CDATA[]]></system-err>
</testsuite>
